<?xml version="1.0" encoding="UTF-8"?>
<!-- Generated by org.testng.reporters.JUnitXMLReporter -->
<testsuite ignored="0" hostname="Suraj" failures="0" tests="4" name="Default test" time="193.186" errors="0" timestamp="2022-03-10T18:33:09 IST">
  <testcase classname="com.BasePackage.BaseDriver" name="runScenario" time="86.904"/>
  <testcase classname="com.BasePackage.BaseDriver" name="runScenario" time="15.94"/>
  <testcase classname="com.BasePackage.BaseDriver" name="runScenario" time="25.655"/>
  <testcase classname="com.BasePackage.BaseDriver" name="runScenario" time="51.756"/>
</testsuite> <!-- Default test -->
